<?xml version="1.0" encoding="UTF-8"?>
<testng-results ignored="0" total="1" passed="1" failed="0" skipped="0">
  <reporter-output>
  </reporter-output>
  <suite started-at="2023-08-08T10:48:41 IST" name="Default suite" finished-at="2023-08-08T10:48:41 IST" duration-ms="43">
    <groups>
    </groups>
    <test started-at="2023-08-08T10:48:41 IST" name="Default test" finished-at="2023-08-08T10:48:41 IST" duration-ms="43">
      <class name="gitpracticesample.demo">
        <test-method signature="sample()[pri:0, instance:gitpracticesample.demo@5c30a9b0]" started-at="2023-08-08T10:48:41 IST" name="sample" finished-at="2023-08-08T10:48:41 IST" duration-ms="9" status="PASS">
          <reporter-output>
          </reporter-output>
        </test-method> <!-- sample -->
      </class> <!-- gitpracticesample.demo -->
    </test> <!-- Default test -->
  </suite> <!-- Default suite -->
</testng-results>
