<?xml version="1.0" encoding="UTF-8"?>
<testng-results ignored="0" total="1" passed="1" failed="0" skipped="0">
  <reporter-output>
  </reporter-output>
  <suite started-at="2023-08-08T12:13:09 IST" name="Default suite" finished-at="2023-08-08T12:13:09 IST" duration-ms="74">
    <groups>
    </groups>
    <test started-at="2023-08-08T12:13:09 IST" name="Default test" finished-at="2023-08-08T12:13:09 IST" duration-ms="74">
      <class name="gitpracticesample.sample">
        <test-method signature="sample1()[pri:0, instance:gitpracticesample.sample@3f197a46]" started-at="2023-08-08T12:13:09 IST" name="sample1" finished-at="2023-08-08T12:13:09 IST" duration-ms="12" status="PASS">
          <reporter-output>
          </reporter-output>
        </test-method> <!-- sample1 -->
      </class> <!-- gitpracticesample.sample -->
    </test> <!-- Default test -->
  </suite> <!-- Default suite -->
</testng-results>
